19 Nov 2020 17:05:58 [DEBUG] [org.hibernate.type.BasicTypeRegistry:157] Adding type registration boolean -> org.hibernate.type.BooleanType@5b408dc3
19 Nov 2020 17:05:58 [DEBUG] [org.hibernate.type.BasicTypeRegistry:157] Adding type registration boolean -> org.hibernate.type.BooleanType@5b408dc3
19 Nov 2020 17:05:58 [DEBUG] [org.hibernate.type.BasicTypeRegistry:157] Adding type registration java.lang.Boolean -> org.hibernate.type.BooleanType@5b408dc3
19 Nov 2020 17:05:58 [DEBUG] [org.hibernate.type.BasicTypeRegistry:157] Adding type registration numeric_boolean -> org.hibernate.type.NumericBooleanType@55e8ec2f
19 Nov 2020 17:05:58 [DEBUG] [org.hibernate.type.BasicTypeRegistry:157] Adding type registration true_false -> org.hibernate.type.TrueFalseType@773f7880
19 Nov 2020 17:05:58 [DEBUG] [org.hibernate.type.BasicTypeRegistry:157] Adding type registration yes_no -> org.hibernate.type.YesNoType@83298d7
19 Nov 2020 17:05:58 [DEBUG] [org.hibernate.type.BasicTypeRegistry:157] Adding type registration byte -> org.hibernate.type.ByteType@2756c0a7
19 Nov 2020 17:05:58 [DEBUG] [org.hibernate.type.BasicTypeRegistry:157] Adding type registration byte -> org.hibernate.type.ByteType@2756c0a7
19 Nov 2020 17:05:58 [DEBUG] [org.hibernate.type.BasicTypeRegistry:157] Adding type registration java.lang.Byte -> org.hibernate.type.ByteType@2756c0a7
19 Nov 2020 17:05:58 [DEBUG] [org.hibernate.type.BasicTypeRegistry:157] Adding type registration character -> org.hibernate.type.CharacterType@6c8bca63
19 Nov 2020 17:05:58 [DEBUG] [org.hibernate.type.BasicTypeRegistry:157] Adding type registration char -> org.hibernate.type.CharacterType@6c8bca63
19 Nov 2020 17:05:58 [DEBUG] [org.hibernate.type.BasicTypeRegistry:157] Adding type registration java.lang.Character -> org.hibernate.type.CharacterType@6c8bca63
19 Nov 2020 17:05:58 [DEBUG] [org.hibernate.type.BasicTypeRegistry:157] Adding type registration short -> org.hibernate.type.ShortType@1c55f277
19 Nov 2020 17:05:58 [DEBUG] [org.hibernate.type.BasicTypeRegistry:157] Adding type registration short -> org.hibernate.type.ShortType@1c55f277
19 Nov 2020 17:05:58 [DEBUG] [org.hibernate.type.BasicTypeRegistry:157] Adding type registration java.lang.Short -> org.hibernate.type.ShortType@1c55f277
19 Nov 2020 17:05:58 [DEBUG] [org.hibernate.type.BasicTypeRegistry:157] Adding type registration integer -> org.hibernate.type.IntegerType@376a312c
19 Nov 2020 17:05:58 [DEBUG] [org.hibernate.type.BasicTypeRegistry:157] Adding type registration int -> org.hibernate.type.IntegerType@376a312c
19 Nov 2020 17:05:58 [DEBUG] [org.hibernate.type.BasicTypeRegistry:157] Adding type registration java.lang.Integer -> org.hibernate.type.IntegerType@376a312c
19 Nov 2020 17:05:58 [DEBUG] [org.hibernate.type.BasicTypeRegistry:157] Adding type registration long -> org.hibernate.type.LongType@40258c2f
19 Nov 2020 17:05:58 [DEBUG] [org.hibernate.type.BasicTypeRegistry:157] Adding type registration long -> org.hibernate.type.LongType@40258c2f
19 Nov 2020 17:05:58 [DEBUG] [org.hibernate.type.BasicTypeRegistry:157] Adding type registration java.lang.Long -> org.hibernate.type.LongType@40258c2f
19 Nov 2020 17:05:58 [DEBUG] [org.hibernate.type.BasicTypeRegistry:157] Adding type registration float -> org.hibernate.type.FloatType@73c60324
19 Nov 2020 17:05:58 [DEBUG] [org.hibernate.type.BasicTypeRegistry:157] Adding type registration float -> org.hibernate.type.FloatType@73c60324
19 Nov 2020 17:05:58 [DEBUG] [org.hibernate.type.BasicTypeRegistry:157] Adding type registration java.lang.Float -> org.hibernate.type.FloatType@73c60324
19 Nov 2020 17:05:58 [DEBUG] [org.hibernate.type.BasicTypeRegistry:157] Adding type registration double -> org.hibernate.type.DoubleType@44e3760b
19 Nov 2020 17:05:58 [DEBUG] [org.hibernate.type.BasicTypeRegistry:157] Adding type registration double -> org.hibernate.type.DoubleType@44e3760b
19 Nov 2020 17:05:58 [DEBUG] [org.hibernate.type.BasicTypeRegistry:157] Adding type registration java.lang.Double -> org.hibernate.type.DoubleType@44e3760b
19 Nov 2020 17:05:58 [DEBUG] [org.hibernate.type.BasicTypeRegistry:157] Adding type registration big_decimal -> org.hibernate.type.BigDecimalType@24bdb479
19 Nov 2020 17:05:58 [DEBUG] [org.hibernate.type.BasicTypeRegistry:157] Adding type registration java.math.BigDecimal -> org.hibernate.type.BigDecimalType@24bdb479
19 Nov 2020 17:05:58 [DEBUG] [org.hibernate.type.BasicTypeRegistry:157] Adding type registration big_integer -> org.hibernate.type.BigIntegerType@533377b
19 Nov 2020 17:05:58 [DEBUG] [org.hibernate.type.BasicTypeRegistry:157] Adding type registration java.math.BigInteger -> org.hibernate.type.BigIntegerType@533377b
19 Nov 2020 17:05:58 [DEBUG] [org.hibernate.type.BasicTypeRegistry:157] Adding type registration string -> org.hibernate.type.StringType@58670130
19 Nov 2020 17:05:58 [DEBUG] [org.hibernate.type.BasicTypeRegistry:157] Adding type registration java.lang.String -> org.hibernate.type.StringType@58670130
19 Nov 2020 17:05:58 [DEBUG] [org.hibernate.type.BasicTypeRegistry:157] Adding type registration nstring -> org.hibernate.type.StringNVarcharType@39dcf4b0
19 Nov 2020 17:05:58 [DEBUG] [org.hibernate.type.BasicTypeRegistry:157] Adding type registration ncharacter -> org.hibernate.type.CharacterNCharType@18518ccf
19 Nov 2020 17:05:58 [DEBUG] [org.hibernate.type.BasicTypeRegistry:157] Adding type registration url -> org.hibernate.type.UrlType@2488b073
19 Nov 2020 17:05:58 [DEBUG] [org.hibernate.type.BasicTypeRegistry:157] Adding type registration java.net.URL -> org.hibernate.type.UrlType@2488b073
19 Nov 2020 17:05:58 [DEBUG] [org.hibernate.type.BasicTypeRegistry:157] Adding type registration Duration -> org.hibernate.type.DurationType@3276732
19 Nov 2020 17:05:58 [DEBUG] [org.hibernate.type.BasicTypeRegistry:157] Adding type registration java.time.Duration -> org.hibernate.type.DurationType@3276732
19 Nov 2020 17:05:58 [DEBUG] [org.hibernate.type.BasicTypeRegistry:157] Adding type registration Instant -> org.hibernate.type.InstantType@ab7a938
19 Nov 2020 17:05:58 [DEBUG] [org.hibernate.type.BasicTypeRegistry:157] Adding type registration java.time.Instant -> org.hibernate.type.InstantType@ab7a938
19 Nov 2020 17:05:58 [DEBUG] [org.hibernate.type.BasicTypeRegistry:157] Adding type registration LocalDateTime -> org.hibernate.type.LocalDateTimeType@eb6449b
19 Nov 2020 17:05:58 [DEBUG] [org.hibernate.type.BasicTypeRegistry:157] Adding type registration java.time.LocalDateTime -> org.hibernate.type.LocalDateTimeType@eb6449b
19 Nov 2020 17:05:58 [DEBUG] [org.hibernate.type.BasicTypeRegistry:157] Adding type registration LocalDate -> org.hibernate.type.LocalDateType@319988b0
19 Nov 2020 17:05:58 [DEBUG] [org.hibernate.type.BasicTypeRegistry:157] Adding type registration java.time.LocalDate -> org.hibernate.type.LocalDateType@319988b0
19 Nov 2020 17:05:58 [DEBUG] [org.hibernate.type.BasicTypeRegistry:157] Adding type registration LocalTime -> org.hibernate.type.LocalTimeType@423e4cbb
19 Nov 2020 17:05:58 [DEBUG] [org.hibernate.type.BasicTypeRegistry:157] Adding type registration java.time.LocalTime -> org.hibernate.type.LocalTimeType@423e4cbb
19 Nov 2020 17:05:58 [DEBUG] [org.hibernate.type.BasicTypeRegistry:157] Adding type registration OffsetDateTime -> org.hibernate.type.OffsetDateTimeType@6256ac4f
19 Nov 2020 17:05:58 [DEBUG] [org.hibernate.type.BasicTypeRegistry:157] Adding type registration java.time.OffsetDateTime -> org.hibernate.type.OffsetDateTimeType@6256ac4f
19 Nov 2020 17:05:58 [DEBUG] [org.hibernate.type.BasicTypeRegistry:157] Adding type registration OffsetTime -> org.hibernate.type.OffsetTimeType@757d6814
19 Nov 2020 17:05:58 [DEBUG] [org.hibernate.type.BasicTypeRegistry:157] Adding type registration java.time.OffsetTime -> org.hibernate.type.OffsetTimeType@757d6814
19 Nov 2020 17:05:58 [DEBUG] [org.hibernate.type.BasicTypeRegistry:157] Adding type registration ZonedDateTime -> org.hibernate.type.ZonedDateTimeType@7e809b79
19 Nov 2020 17:05:58 [DEBUG] [org.hibernate.type.BasicTypeRegistry:157] Adding type registration java.time.ZonedDateTime -> org.hibernate.type.ZonedDateTimeType@7e809b79
19 Nov 2020 17:05:58 [DEBUG] [org.hibernate.type.BasicTypeRegistry:157] Adding type registration date -> org.hibernate.type.DateType@5b970f7
19 Nov 2020 17:05:58 [DEBUG] [org.hibernate.type.BasicTypeRegistry:157] Adding type registration java.sql.Date -> org.hibernate.type.DateType@5b970f7
19 Nov 2020 17:05:58 [DEBUG] [org.hibernate.type.BasicTypeRegistry:157] Adding type registration time -> org.hibernate.type.TimeType@76c7beb3
19 Nov 2020 17:05:58 [DEBUG] [org.hibernate.type.BasicTypeRegistry:157] Adding type registration java.sql.Time -> org.hibernate.type.TimeType@76c7beb3
19 Nov 2020 17:05:58 [DEBUG] [org.hibernate.type.BasicTypeRegistry:157] Adding type registration timestamp -> org.hibernate.type.TimestampType@6273c5a4
19 Nov 2020 17:05:58 [DEBUG] [org.hibernate.type.BasicTypeRegistry:157] Adding type registration java.sql.Timestamp -> org.hibernate.type.TimestampType@6273c5a4
19 Nov 2020 17:05:58 [DEBUG] [org.hibernate.type.BasicTypeRegistry:157] Adding type registration java.util.Date -> org.hibernate.type.TimestampType@6273c5a4
19 Nov 2020 17:05:58 [DEBUG] [org.hibernate.type.BasicTypeRegistry:157] Adding type registration dbtimestamp -> org.hibernate.type.DbTimestampType@3d8bbcdc
19 Nov 2020 17:05:58 [DEBUG] [org.hibernate.type.BasicTypeRegistry:157] Adding type registration calendar -> org.hibernate.type.CalendarType@4215838f
19 Nov 2020 17:05:58 [DEBUG] [org.hibernate.type.BasicTypeRegistry:157] Adding type registration java.util.Calendar -> org.hibernate.type.CalendarType@4215838f
19 Nov 2020 17:05:58 [DEBUG] [org.hibernate.type.BasicTypeRegistry:157] Adding type registration java.util.GregorianCalendar -> org.hibernate.type.CalendarType@4215838f
19 Nov 2020 17:05:58 [DEBUG] [org.hibernate.type.BasicTypeRegistry:157] Adding type registration calendar_date -> org.hibernate.type.CalendarDateType@f9d87b
19 Nov 2020 17:05:58 [DEBUG] [org.hibernate.type.BasicTypeRegistry:157] Adding type registration calendar_time -> org.hibernate.type.CalendarTimeType@41fe9859
19 Nov 2020 17:05:58 [DEBUG] [org.hibernate.type.BasicTypeRegistry:157] Adding type registration locale -> org.hibernate.type.LocaleType@63c5efee
19 Nov 2020 17:05:58 [DEBUG] [org.hibernate.type.BasicTypeRegistry:157] Adding type registration java.util.Locale -> org.hibernate.type.LocaleType@63c5efee
19 Nov 2020 17:05:58 [DEBUG] [org.hibernate.type.BasicTypeRegistry:157] Adding type registration currency -> org.hibernate.type.CurrencyType@5e8f9e2d
19 Nov 2020 17:05:58 [DEBUG] [org.hibernate.type.BasicTypeRegistry:157] Adding type registration java.util.Currency -> org.hibernate.type.CurrencyType@5e8f9e2d
19 Nov 2020 17:05:58 [DEBUG] [org.hibernate.type.BasicTypeRegistry:157] Adding type registration timezone -> org.hibernate.type.TimeZoneType@60fa3495
19 Nov 2020 17:05:58 [DEBUG] [org.hibernate.type.BasicTypeRegistry:157] Adding type registration java.util.TimeZone -> org.hibernate.type.TimeZoneType@60fa3495
19 Nov 2020 17:05:58 [DEBUG] [org.hibernate.type.BasicTypeRegistry:157] Adding type registration class -> org.hibernate.type.ClassType@5fcacc0
19 Nov 2020 17:05:58 [DEBUG] [org.hibernate.type.BasicTypeRegistry:157] Adding type registration java.lang.Class -> org.hibernate.type.ClassType@5fcacc0
19 Nov 2020 17:05:58 [DEBUG] [org.hibernate.type.BasicTypeRegistry:157] Adding type registration uuid-binary -> org.hibernate.type.UUIDBinaryType@1d71006f
19 Nov 2020 17:05:58 [DEBUG] [org.hibernate.type.BasicTypeRegistry:157] Adding type registration java.util.UUID -> org.hibernate.type.UUIDBinaryType@1d71006f
19 Nov 2020 17:05:58 [DEBUG] [org.hibernate.type.BasicTypeRegistry:157] Adding type registration uuid-char -> org.hibernate.type.UUIDCharType@3ebff828
19 Nov 2020 17:05:58 [DEBUG] [org.hibernate.type.BasicTypeRegistry:157] Adding type registration binary -> org.hibernate.type.BinaryType@94f6bfb
19 Nov 2020 17:05:58 [DEBUG] [org.hibernate.type.BasicTypeRegistry:157] Adding type registration byte[] -> org.hibernate.type.BinaryType@94f6bfb
19 Nov 2020 17:05:58 [DEBUG] [org.hibernate.type.BasicTypeRegistry:157] Adding type registration [B -> org.hibernate.type.BinaryType@94f6bfb
19 Nov 2020 17:05:58 [DEBUG] [org.hibernate.type.BasicTypeRegistry:157] Adding type registration wrapper-binary -> org.hibernate.type.WrapperBinaryType@5f59185e
19 Nov 2020 17:05:58 [DEBUG] [org.hibernate.type.BasicTypeRegistry:157] Adding type registration Byte[] -> org.hibernate.type.WrapperBinaryType@5f59185e
19 Nov 2020 17:05:58 [DEBUG] [org.hibernate.type.BasicTypeRegistry:157] Adding type registration [Ljava.lang.Byte; -> org.hibernate.type.WrapperBinaryType@5f59185e
19 Nov 2020 17:05:58 [DEBUG] [org.hibernate.type.BasicTypeRegistry:157] Adding type registration row_version -> org.hibernate.type.RowVersionType@28a0fd6c
19 Nov 2020 17:05:58 [DEBUG] [org.hibernate.type.BasicTypeRegistry:157] Adding type registration image -> org.hibernate.type.ImageType@27a5328c
19 Nov 2020 17:05:58 [DEBUG] [org.hibernate.type.BasicTypeRegistry:157] Adding type registration characters -> org.hibernate.type.CharArrayType@6f80fafe
19 Nov 2020 17:05:58 [DEBUG] [org.hibernate.type.BasicTypeRegistry:157] Adding type registration char[] -> org.hibernate.type.CharArrayType@6f80fafe
19 Nov 2020 17:05:58 [DEBUG] [org.hibernate.type.BasicTypeRegistry:157] Adding type registration [C -> org.hibernate.type.CharArrayType@6f80fafe
19 Nov 2020 17:05:58 [DEBUG] [org.hibernate.type.BasicTypeRegistry:157] Adding type registration wrapper-characters -> org.hibernate.type.CharacterArrayType@5d5d9e5
19 Nov 2020 17:05:58 [DEBUG] [org.hibernate.type.BasicTypeRegistry:157] Adding type registration [Ljava.lang.Character; -> org.hibernate.type.CharacterArrayType@5d5d9e5
19 Nov 2020 17:05:58 [DEBUG] [org.hibernate.type.BasicTypeRegistry:157] Adding type registration Character[] -> org.hibernate.type.CharacterArrayType@5d5d9e5
19 Nov 2020 17:05:58 [DEBUG] [org.hibernate.type.BasicTypeRegistry:157] Adding type registration text -> org.hibernate.type.TextType@1d9bec4d
19 Nov 2020 17:05:58 [DEBUG] [org.hibernate.type.BasicTypeRegistry:157] Adding type registration ntext -> org.hibernate.type.NTextType@25f7391e
19 Nov 2020 17:05:58 [DEBUG] [org.hibernate.type.BasicTypeRegistry:157] Adding type registration blob -> org.hibernate.type.BlobType@40dd3977
19 Nov 2020 17:05:58 [DEBUG] [org.hibernate.type.BasicTypeRegistry:157] Adding type registration java.sql.Blob -> org.hibernate.type.BlobType@40dd3977
19 Nov 2020 17:05:58 [DEBUG] [org.hibernate.type.BasicTypeRegistry:157] Adding type registration materialized_blob -> org.hibernate.type.MaterializedBlobType@4b6579e8
19 Nov 2020 17:05:58 [DEBUG] [org.hibernate.type.BasicTypeRegistry:157] Adding type registration clob -> org.hibernate.type.ClobType@493dfb8e
19 Nov 2020 17:05:58 [DEBUG] [org.hibernate.type.BasicTypeRegistry:157] Adding type registration java.sql.Clob -> org.hibernate.type.ClobType@493dfb8e
19 Nov 2020 17:05:58 [DEBUG] [org.hibernate.type.BasicTypeRegistry:157] Adding type registration nclob -> org.hibernate.type.NClobType@403132fc
19 Nov 2020 17:05:58 [DEBUG] [org.hibernate.type.BasicTypeRegistry:157] Adding type registration java.sql.NClob -> org.hibernate.type.NClobType@403132fc
19 Nov 2020 17:05:58 [DEBUG] [org.hibernate.type.BasicTypeRegistry:157] Adding type registration materialized_clob -> org.hibernate.type.MaterializedClobType@669513d8
19 Nov 2020 17:05:58 [DEBUG] [org.hibernate.type.BasicTypeRegistry:157] Adding type registration materialized_nclob -> org.hibernate.type.MaterializedNClobType@7859e786
19 Nov 2020 17:05:58 [DEBUG] [org.hibernate.type.BasicTypeRegistry:157] Adding type registration serializable -> org.hibernate.type.SerializableType@4985cbcb
19 Nov 2020 17:05:58 [DEBUG] [org.hibernate.type.BasicTypeRegistry:157] Adding type registration object -> org.hibernate.type.ObjectType@33617539
19 Nov 2020 17:05:58 [DEBUG] [org.hibernate.type.BasicTypeRegistry:157] Adding type registration java.lang.Object -> org.hibernate.type.ObjectType@33617539
19 Nov 2020 17:05:58 [DEBUG] [org.hibernate.type.BasicTypeRegistry:157] Adding type registration imm_date -> org.hibernate.type.AdaptedImmutableType@18e7143f
19 Nov 2020 17:05:58 [DEBUG] [org.hibernate.type.BasicTypeRegistry:157] Adding type registration imm_time -> org.hibernate.type.AdaptedImmutableType@f9b7332
19 Nov 2020 17:05:58 [DEBUG] [org.hibernate.type.BasicTypeRegistry:157] Adding type registration imm_timestamp -> org.hibernate.type.AdaptedImmutableType@74cec793
19 Nov 2020 17:05:58 [DEBUG] [org.hibernate.type.BasicTypeRegistry:157] Adding type registration imm_dbtimestamp -> org.hibernate.type.AdaptedImmutableType@6fefce9e
19 Nov 2020 17:05:58 [DEBUG] [org.hibernate.type.BasicTypeRegistry:157] Adding type registration imm_calendar -> org.hibernate.type.AdaptedImmutableType@4f8969b0
19 Nov 2020 17:05:58 [DEBUG] [org.hibernate.type.BasicTypeRegistry:157] Adding type registration imm_calendar_date -> org.hibernate.type.AdaptedImmutableType@1bdf8190
19 Nov 2020 17:05:58 [DEBUG] [org.hibernate.type.BasicTypeRegistry:157] Adding type registration imm_binary -> org.hibernate.type.AdaptedImmutableType@192f2f27
19 Nov 2020 17:05:58 [DEBUG] [org.hibernate.type.BasicTypeRegistry:157] Adding type registration imm_serializable -> org.hibernate.type.AdaptedImmutableType@8a589a2
19 Nov 2020 17:05:59 [DEBUG] [org.hibernate.type.spi.TypeConfiguration$Scope:152] Scoping TypeConfiguration [org.hibernate.type.spi.TypeConfiguration@7f7af971] to MetadataBuildingContext [org.hibernate.boot.internal.MetadataBuildingContextRootImpl@23382f76]
19 Nov 2020 17:05:59 [DEBUG] [org.hibernate.type.spi.TypeConfiguration$Scope:157] Scoping TypeConfiguration [org.hibernate.type.spi.TypeConfiguration@7f7af971] to SessionFactoryImpl [org.hibernate.internal.SessionFactoryImpl@340a8894]
19 Nov 2020 17:05:59 [TRACE] [org.hibernate.type.spi.TypeConfiguration$Scope:205] Handling #sessionFactoryCreated from [org.hibernate.internal.SessionFactoryImpl@340a8894] for TypeConfiguration
19 Nov 2020 17:06:00 [DEBUG] [org.hibernate.type.BasicTypeRegistry:157] Adding type registration boolean -> org.hibernate.type.BooleanType@5b408dc3
19 Nov 2020 17:06:00 [DEBUG] [org.hibernate.type.BasicTypeRegistry:157] Adding type registration boolean -> org.hibernate.type.BooleanType@5b408dc3
19 Nov 2020 17:06:00 [DEBUG] [org.hibernate.type.BasicTypeRegistry:157] Adding type registration java.lang.Boolean -> org.hibernate.type.BooleanType@5b408dc3
19 Nov 2020 17:06:00 [DEBUG] [org.hibernate.type.BasicTypeRegistry:157] Adding type registration numeric_boolean -> org.hibernate.type.NumericBooleanType@55e8ec2f
19 Nov 2020 17:06:00 [DEBUG] [org.hibernate.type.BasicTypeRegistry:157] Adding type registration true_false -> org.hibernate.type.TrueFalseType@773f7880
19 Nov 2020 17:06:00 [DEBUG] [org.hibernate.type.BasicTypeRegistry:157] Adding type registration yes_no -> org.hibernate.type.YesNoType@83298d7
19 Nov 2020 17:06:00 [DEBUG] [org.hibernate.type.BasicTypeRegistry:157] Adding type registration byte -> org.hibernate.type.ByteType@2756c0a7
19 Nov 2020 17:06:00 [DEBUG] [org.hibernate.type.BasicTypeRegistry:157] Adding type registration byte -> org.hibernate.type.ByteType@2756c0a7
19 Nov 2020 17:06:00 [DEBUG] [org.hibernate.type.BasicTypeRegistry:157] Adding type registration java.lang.Byte -> org.hibernate.type.ByteType@2756c0a7
19 Nov 2020 17:06:00 [DEBUG] [org.hibernate.type.BasicTypeRegistry:157] Adding type registration character -> org.hibernate.type.CharacterType@6c8bca63
19 Nov 2020 17:06:00 [DEBUG] [org.hibernate.type.BasicTypeRegistry:157] Adding type registration char -> org.hibernate.type.CharacterType@6c8bca63
19 Nov 2020 17:06:00 [DEBUG] [org.hibernate.type.BasicTypeRegistry:157] Adding type registration java.lang.Character -> org.hibernate.type.CharacterType@6c8bca63
19 Nov 2020 17:06:00 [DEBUG] [org.hibernate.type.BasicTypeRegistry:157] Adding type registration short -> org.hibernate.type.ShortType@1c55f277
19 Nov 2020 17:06:00 [DEBUG] [org.hibernate.type.BasicTypeRegistry:157] Adding type registration short -> org.hibernate.type.ShortType@1c55f277
19 Nov 2020 17:06:00 [DEBUG] [org.hibernate.type.BasicTypeRegistry:157] Adding type registration java.lang.Short -> org.hibernate.type.ShortType@1c55f277
19 Nov 2020 17:06:00 [DEBUG] [org.hibernate.type.BasicTypeRegistry:157] Adding type registration integer -> org.hibernate.type.IntegerType@376a312c
19 Nov 2020 17:06:00 [DEBUG] [org.hibernate.type.BasicTypeRegistry:157] Adding type registration int -> org.hibernate.type.IntegerType@376a312c
19 Nov 2020 17:06:00 [DEBUG] [org.hibernate.type.BasicTypeRegistry:157] Adding type registration java.lang.Integer -> org.hibernate.type.IntegerType@376a312c
19 Nov 2020 17:06:00 [DEBUG] [org.hibernate.type.BasicTypeRegistry:157] Adding type registration long -> org.hibernate.type.LongType@40258c2f
19 Nov 2020 17:06:00 [DEBUG] [org.hibernate.type.BasicTypeRegistry:157] Adding type registration long -> org.hibernate.type.LongType@40258c2f
19 Nov 2020 17:06:00 [DEBUG] [org.hibernate.type.BasicTypeRegistry:157] Adding type registration java.lang.Long -> org.hibernate.type.LongType@40258c2f
19 Nov 2020 17:06:00 [DEBUG] [org.hibernate.type.BasicTypeRegistry:157] Adding type registration float -> org.hibernate.type.FloatType@73c60324
19 Nov 2020 17:06:00 [DEBUG] [org.hibernate.type.BasicTypeRegistry:157] Adding type registration float -> org.hibernate.type.FloatType@73c60324
19 Nov 2020 17:06:00 [DEBUG] [org.hibernate.type.BasicTypeRegistry:157] Adding type registration java.lang.Float -> org.hibernate.type.FloatType@73c60324
19 Nov 2020 17:06:00 [DEBUG] [org.hibernate.type.BasicTypeRegistry:157] Adding type registration double -> org.hibernate.type.DoubleType@44e3760b
19 Nov 2020 17:06:00 [DEBUG] [org.hibernate.type.BasicTypeRegistry:157] Adding type registration double -> org.hibernate.type.DoubleType@44e3760b
19 Nov 2020 17:06:00 [DEBUG] [org.hibernate.type.BasicTypeRegistry:157] Adding type registration java.lang.Double -> org.hibernate.type.DoubleType@44e3760b
19 Nov 2020 17:06:00 [DEBUG] [org.hibernate.type.BasicTypeRegistry:157] Adding type registration big_decimal -> org.hibernate.type.BigDecimalType@24bdb479
19 Nov 2020 17:06:00 [DEBUG] [org.hibernate.type.BasicTypeRegistry:157] Adding type registration java.math.BigDecimal -> org.hibernate.type.BigDecimalType@24bdb479
19 Nov 2020 17:06:00 [DEBUG] [org.hibernate.type.BasicTypeRegistry:157] Adding type registration big_integer -> org.hibernate.type.BigIntegerType@533377b
19 Nov 2020 17:06:00 [DEBUG] [org.hibernate.type.BasicTypeRegistry:157] Adding type registration java.math.BigInteger -> org.hibernate.type.BigIntegerType@533377b
19 Nov 2020 17:06:00 [DEBUG] [org.hibernate.type.BasicTypeRegistry:157] Adding type registration string -> org.hibernate.type.StringType@58670130
19 Nov 2020 17:06:00 [DEBUG] [org.hibernate.type.BasicTypeRegistry:157] Adding type registration java.lang.String -> org.hibernate.type.StringType@58670130
19 Nov 2020 17:06:00 [DEBUG] [org.hibernate.type.BasicTypeRegistry:157] Adding type registration nstring -> org.hibernate.type.StringNVarcharType@39dcf4b0
19 Nov 2020 17:06:00 [DEBUG] [org.hibernate.type.BasicTypeRegistry:157] Adding type registration ncharacter -> org.hibernate.type.CharacterNCharType@18518ccf
19 Nov 2020 17:06:00 [DEBUG] [org.hibernate.type.BasicTypeRegistry:157] Adding type registration url -> org.hibernate.type.UrlType@2488b073
19 Nov 2020 17:06:00 [DEBUG] [org.hibernate.type.BasicTypeRegistry:157] Adding type registration java.net.URL -> org.hibernate.type.UrlType@2488b073
19 Nov 2020 17:06:00 [DEBUG] [org.hibernate.type.BasicTypeRegistry:157] Adding type registration Duration -> org.hibernate.type.DurationType@3276732
19 Nov 2020 17:06:00 [DEBUG] [org.hibernate.type.BasicTypeRegistry:157] Adding type registration java.time.Duration -> org.hibernate.type.DurationType@3276732
19 Nov 2020 17:06:00 [DEBUG] [org.hibernate.type.BasicTypeRegistry:157] Adding type registration Instant -> org.hibernate.type.InstantType@ab7a938
19 Nov 2020 17:06:00 [DEBUG] [org.hibernate.type.BasicTypeRegistry:157] Adding type registration java.time.Instant -> org.hibernate.type.InstantType@ab7a938
19 Nov 2020 17:06:00 [DEBUG] [org.hibernate.type.BasicTypeRegistry:157] Adding type registration LocalDateTime -> org.hibernate.type.LocalDateTimeType@eb6449b
19 Nov 2020 17:06:00 [DEBUG] [org.hibernate.type.BasicTypeRegistry:157] Adding type registration java.time.LocalDateTime -> org.hibernate.type.LocalDateTimeType@eb6449b
19 Nov 2020 17:06:00 [DEBUG] [org.hibernate.type.BasicTypeRegistry:157] Adding type registration LocalDate -> org.hibernate.type.LocalDateType@319988b0
19 Nov 2020 17:06:00 [DEBUG] [org.hibernate.type.BasicTypeRegistry:157] Adding type registration java.time.LocalDate -> org.hibernate.type.LocalDateType@319988b0
19 Nov 2020 17:06:00 [DEBUG] [org.hibernate.type.BasicTypeRegistry:157] Adding type registration LocalTime -> org.hibernate.type.LocalTimeType@423e4cbb
19 Nov 2020 17:06:00 [DEBUG] [org.hibernate.type.BasicTypeRegistry:157] Adding type registration java.time.LocalTime -> org.hibernate.type.LocalTimeType@423e4cbb
19 Nov 2020 17:06:00 [DEBUG] [org.hibernate.type.BasicTypeRegistry:157] Adding type registration OffsetDateTime -> org.hibernate.type.OffsetDateTimeType@6256ac4f
19 Nov 2020 17:06:00 [DEBUG] [org.hibernate.type.BasicTypeRegistry:157] Adding type registration java.time.OffsetDateTime -> org.hibernate.type.OffsetDateTimeType@6256ac4f
19 Nov 2020 17:06:00 [DEBUG] [org.hibernate.type.BasicTypeRegistry:157] Adding type registration OffsetTime -> org.hibernate.type.OffsetTimeType@757d6814
19 Nov 2020 17:06:00 [DEBUG] [org.hibernate.type.BasicTypeRegistry:157] Adding type registration java.time.OffsetTime -> org.hibernate.type.OffsetTimeType@757d6814
19 Nov 2020 17:06:00 [DEBUG] [org.hibernate.type.BasicTypeRegistry:157] Adding type registration ZonedDateTime -> org.hibernate.type.ZonedDateTimeType@7e809b79
19 Nov 2020 17:06:00 [DEBUG] [org.hibernate.type.BasicTypeRegistry:157] Adding type registration java.time.ZonedDateTime -> org.hibernate.type.ZonedDateTimeType@7e809b79
19 Nov 2020 17:06:00 [DEBUG] [org.hibernate.type.BasicTypeRegistry:157] Adding type registration date -> org.hibernate.type.DateType@5b970f7
19 Nov 2020 17:06:00 [DEBUG] [org.hibernate.type.BasicTypeRegistry:157] Adding type registration java.sql.Date -> org.hibernate.type.DateType@5b970f7
19 Nov 2020 17:06:00 [DEBUG] [org.hibernate.type.BasicTypeRegistry:157] Adding type registration time -> org.hibernate.type.TimeType@76c7beb3
19 Nov 2020 17:06:00 [DEBUG] [org.hibernate.type.BasicTypeRegistry:157] Adding type registration java.sql.Time -> org.hibernate.type.TimeType@76c7beb3
19 Nov 2020 17:06:00 [DEBUG] [org.hibernate.type.BasicTypeRegistry:157] Adding type registration timestamp -> org.hibernate.type.TimestampType@6273c5a4
19 Nov 2020 17:06:00 [DEBUG] [org.hibernate.type.BasicTypeRegistry:157] Adding type registration java.sql.Timestamp -> org.hibernate.type.TimestampType@6273c5a4
19 Nov 2020 17:06:00 [DEBUG] [org.hibernate.type.BasicTypeRegistry:157] Adding type registration java.util.Date -> org.hibernate.type.TimestampType@6273c5a4
19 Nov 2020 17:06:00 [DEBUG] [org.hibernate.type.BasicTypeRegistry:157] Adding type registration dbtimestamp -> org.hibernate.type.DbTimestampType@3d8bbcdc
19 Nov 2020 17:06:00 [DEBUG] [org.hibernate.type.BasicTypeRegistry:157] Adding type registration calendar -> org.hibernate.type.CalendarType@4215838f
19 Nov 2020 17:06:00 [DEBUG] [org.hibernate.type.BasicTypeRegistry:157] Adding type registration java.util.Calendar -> org.hibernate.type.CalendarType@4215838f
19 Nov 2020 17:06:00 [DEBUG] [org.hibernate.type.BasicTypeRegistry:157] Adding type registration java.util.GregorianCalendar -> org.hibernate.type.CalendarType@4215838f
19 Nov 2020 17:06:00 [DEBUG] [org.hibernate.type.BasicTypeRegistry:157] Adding type registration calendar_date -> org.hibernate.type.CalendarDateType@f9d87b
19 Nov 2020 17:06:00 [DEBUG] [org.hibernate.type.BasicTypeRegistry:157] Adding type registration calendar_time -> org.hibernate.type.CalendarTimeType@41fe9859
19 Nov 2020 17:06:00 [DEBUG] [org.hibernate.type.BasicTypeRegistry:157] Adding type registration locale -> org.hibernate.type.LocaleType@63c5efee
19 Nov 2020 17:06:00 [DEBUG] [org.hibernate.type.BasicTypeRegistry:157] Adding type registration java.util.Locale -> org.hibernate.type.LocaleType@63c5efee
19 Nov 2020 17:06:00 [DEBUG] [org.hibernate.type.BasicTypeRegistry:157] Adding type registration currency -> org.hibernate.type.CurrencyType@5e8f9e2d
19 Nov 2020 17:06:00 [DEBUG] [org.hibernate.type.BasicTypeRegistry:157] Adding type registration java.util.Currency -> org.hibernate.type.CurrencyType@5e8f9e2d
19 Nov 2020 17:06:00 [DEBUG] [org.hibernate.type.BasicTypeRegistry:157] Adding type registration timezone -> org.hibernate.type.TimeZoneType@60fa3495
19 Nov 2020 17:06:00 [DEBUG] [org.hibernate.type.BasicTypeRegistry:157] Adding type registration java.util.TimeZone -> org.hibernate.type.TimeZoneType@60fa3495
19 Nov 2020 17:06:00 [DEBUG] [org.hibernate.type.BasicTypeRegistry:157] Adding type registration class -> org.hibernate.type.ClassType@5fcacc0
19 Nov 2020 17:06:00 [DEBUG] [org.hibernate.type.BasicTypeRegistry:157] Adding type registration java.lang.Class -> org.hibernate.type.ClassType@5fcacc0
19 Nov 2020 17:06:00 [DEBUG] [org.hibernate.type.BasicTypeRegistry:157] Adding type registration uuid-binary -> org.hibernate.type.UUIDBinaryType@1d71006f
19 Nov 2020 17:06:00 [DEBUG] [org.hibernate.type.BasicTypeRegistry:157] Adding type registration java.util.UUID -> org.hibernate.type.UUIDBinaryType@1d71006f
19 Nov 2020 17:06:00 [DEBUG] [org.hibernate.type.BasicTypeRegistry:157] Adding type registration uuid-char -> org.hibernate.type.UUIDCharType@3ebff828
19 Nov 2020 17:06:00 [DEBUG] [org.hibernate.type.BasicTypeRegistry:157] Adding type registration binary -> org.hibernate.type.BinaryType@94f6bfb
19 Nov 2020 17:06:00 [DEBUG] [org.hibernate.type.BasicTypeRegistry:157] Adding type registration byte[] -> org.hibernate.type.BinaryType@94f6bfb
19 Nov 2020 17:06:00 [DEBUG] [org.hibernate.type.BasicTypeRegistry:157] Adding type registration [B -> org.hibernate.type.BinaryType@94f6bfb
19 Nov 2020 17:06:00 [DEBUG] [org.hibernate.type.BasicTypeRegistry:157] Adding type registration wrapper-binary -> org.hibernate.type.WrapperBinaryType@5f59185e
19 Nov 2020 17:06:00 [DEBUG] [org.hibernate.type.BasicTypeRegistry:157] Adding type registration Byte[] -> org.hibernate.type.WrapperBinaryType@5f59185e
19 Nov 2020 17:06:00 [DEBUG] [org.hibernate.type.BasicTypeRegistry:157] Adding type registration [Ljava.lang.Byte; -> org.hibernate.type.WrapperBinaryType@5f59185e
19 Nov 2020 17:06:00 [DEBUG] [org.hibernate.type.BasicTypeRegistry:157] Adding type registration row_version -> org.hibernate.type.RowVersionType@28a0fd6c
19 Nov 2020 17:06:00 [DEBUG] [org.hibernate.type.BasicTypeRegistry:157] Adding type registration image -> org.hibernate.type.ImageType@27a5328c
19 Nov 2020 17:06:00 [DEBUG] [org.hibernate.type.BasicTypeRegistry:157] Adding type registration characters -> org.hibernate.type.CharArrayType@6f80fafe
19 Nov 2020 17:06:00 [DEBUG] [org.hibernate.type.BasicTypeRegistry:157] Adding type registration char[] -> org.hibernate.type.CharArrayType@6f80fafe
19 Nov 2020 17:06:00 [DEBUG] [org.hibernate.type.BasicTypeRegistry:157] Adding type registration [C -> org.hibernate.type.CharArrayType@6f80fafe
19 Nov 2020 17:06:00 [DEBUG] [org.hibernate.type.BasicTypeRegistry:157] Adding type registration wrapper-characters -> org.hibernate.type.CharacterArrayType@5d5d9e5
19 Nov 2020 17:06:00 [DEBUG] [org.hibernate.type.BasicTypeRegistry:157] Adding type registration [Ljava.lang.Character; -> org.hibernate.type.CharacterArrayType@5d5d9e5
19 Nov 2020 17:06:00 [DEBUG] [org.hibernate.type.BasicTypeRegistry:157] Adding type registration Character[] -> org.hibernate.type.CharacterArrayType@5d5d9e5
19 Nov 2020 17:06:00 [DEBUG] [org.hibernate.type.BasicTypeRegistry:157] Adding type registration text -> org.hibernate.type.TextType@1d9bec4d
19 Nov 2020 17:06:00 [DEBUG] [org.hibernate.type.BasicTypeRegistry:157] Adding type registration ntext -> org.hibernate.type.NTextType@25f7391e
19 Nov 2020 17:06:00 [DEBUG] [org.hibernate.type.BasicTypeRegistry:157] Adding type registration blob -> org.hibernate.type.BlobType@40dd3977
19 Nov 2020 17:06:00 [DEBUG] [org.hibernate.type.BasicTypeRegistry:157] Adding type registration java.sql.Blob -> org.hibernate.type.BlobType@40dd3977
19 Nov 2020 17:06:00 [DEBUG] [org.hibernate.type.BasicTypeRegistry:157] Adding type registration materialized_blob -> org.hibernate.type.MaterializedBlobType@4b6579e8
19 Nov 2020 17:06:00 [DEBUG] [org.hibernate.type.BasicTypeRegistry:157] Adding type registration clob -> org.hibernate.type.ClobType@493dfb8e
19 Nov 2020 17:06:00 [DEBUG] [org.hibernate.type.BasicTypeRegistry:157] Adding type registration java.sql.Clob -> org.hibernate.type.ClobType@493dfb8e
19 Nov 2020 17:06:00 [DEBUG] [org.hibernate.type.BasicTypeRegistry:157] Adding type registration nclob -> org.hibernate.type.NClobType@403132fc
19 Nov 2020 17:06:00 [DEBUG] [org.hibernate.type.BasicTypeRegistry:157] Adding type registration java.sql.NClob -> org.hibernate.type.NClobType@403132fc
19 Nov 2020 17:06:00 [DEBUG] [org.hibernate.type.BasicTypeRegistry:157] Adding type registration materialized_clob -> org.hibernate.type.MaterializedClobType@669513d8
19 Nov 2020 17:06:00 [DEBUG] [org.hibernate.type.BasicTypeRegistry:157] Adding type registration materialized_nclob -> org.hibernate.type.MaterializedNClobType@7859e786
19 Nov 2020 17:06:00 [DEBUG] [org.hibernate.type.BasicTypeRegistry:157] Adding type registration serializable -> org.hibernate.type.SerializableType@4985cbcb
19 Nov 2020 17:06:00 [DEBUG] [org.hibernate.type.BasicTypeRegistry:157] Adding type registration object -> org.hibernate.type.ObjectType@33617539
19 Nov 2020 17:06:00 [DEBUG] [org.hibernate.type.BasicTypeRegistry:157] Adding type registration java.lang.Object -> org.hibernate.type.ObjectType@33617539
19 Nov 2020 17:06:00 [DEBUG] [org.hibernate.type.BasicTypeRegistry:157] Adding type registration imm_date -> org.hibernate.type.AdaptedImmutableType@58dad04a
19 Nov 2020 17:06:00 [DEBUG] [org.hibernate.type.BasicTypeRegistry:157] Adding type registration imm_time -> org.hibernate.type.AdaptedImmutableType@73e776b7
19 Nov 2020 17:06:00 [DEBUG] [org.hibernate.type.BasicTypeRegistry:157] Adding type registration imm_timestamp -> org.hibernate.type.AdaptedImmutableType@113ee1ce
19 Nov 2020 17:06:00 [DEBUG] [org.hibernate.type.BasicTypeRegistry:157] Adding type registration imm_dbtimestamp -> org.hibernate.type.AdaptedImmutableType@4d0cc83e
19 Nov 2020 17:06:00 [DEBUG] [org.hibernate.type.BasicTypeRegistry:157] Adding type registration imm_calendar -> org.hibernate.type.AdaptedImmutableType@43da0955
19 Nov 2020 17:06:00 [DEBUG] [org.hibernate.type.BasicTypeRegistry:157] Adding type registration imm_calendar_date -> org.hibernate.type.AdaptedImmutableType@bc09d57
19 Nov 2020 17:06:00 [DEBUG] [org.hibernate.type.BasicTypeRegistry:157] Adding type registration imm_binary -> org.hibernate.type.AdaptedImmutableType@6d963d70
19 Nov 2020 17:06:00 [DEBUG] [org.hibernate.type.BasicTypeRegistry:157] Adding type registration imm_serializable -> org.hibernate.type.AdaptedImmutableType@467045c4
19 Nov 2020 17:06:00 [DEBUG] [org.hibernate.type.spi.TypeConfiguration$Scope:152] Scoping TypeConfiguration [org.hibernate.type.spi.TypeConfiguration@586495f1] to MetadataBuildingContext [org.hibernate.boot.internal.MetadataBuildingContextRootImpl@47df5041]
19 Nov 2020 17:06:00 [DEBUG] [org.hibernate.type.spi.TypeConfiguration$Scope:157] Scoping TypeConfiguration [org.hibernate.type.spi.TypeConfiguration@586495f1] to SessionFactoryImpl [org.hibernate.internal.SessionFactoryImpl@740a0d5e]
19 Nov 2020 17:06:00 [TRACE] [org.hibernate.type.spi.TypeConfiguration$Scope:205] Handling #sessionFactoryCreated from [org.hibernate.internal.SessionFactoryImpl@740a0d5e] for TypeConfiguration
19 Nov 2020 17:06:00 [DEBUG] [org.hibernate.SQL:128] select teacher0_.title as col_0_0_, subject1_.name as col_1_0_ from Teachers teacher0_ inner join Subjects subject1_ on teacher0_.subject_id=subject1_.subject_id
19 Nov 2020 17:06:00 [TRACE] [org.hibernate.type.descriptor.sql.BasicExtractor:60] extracted value ([col_0_0_] : [VARCHAR]) - [Assistance]
19 Nov 2020 17:06:00 [TRACE] [org.hibernate.type.descriptor.sql.BasicExtractor:60] extracted value ([col_1_0_] : [VARCHAR]) - [avrs]
19 Nov 2020 17:06:00 [TRACE] [org.hibernate.type.descriptor.sql.BasicExtractor:60] extracted value ([col_0_0_] : [VARCHAR]) - [Proff]
19 Nov 2020 17:06:00 [TRACE] [org.hibernate.type.descriptor.sql.BasicExtractor:60] extracted value ([col_1_0_] : [VARCHAR]) - [ori]
19 Nov 2020 17:06:00 [TRACE] [org.hibernate.type.descriptor.sql.BasicExtractor:60] extracted value ([col_0_0_] : [VARCHAR]) - [Assistance]
19 Nov 2020 17:06:00 [TRACE] [org.hibernate.type.descriptor.sql.BasicExtractor:60] extracted value ([col_1_0_] : [VARCHAR]) - [avrs]
19 Nov 2020 17:06:00 [TRACE] [org.hibernate.type.descriptor.sql.BasicExtractor:60] extracted value ([col_0_0_] : [VARCHAR]) - [Proff]
19 Nov 2020 17:06:00 [TRACE] [org.hibernate.type.descriptor.sql.BasicExtractor:60] extracted value ([col_1_0_] : [VARCHAR]) - [ori]
