19 Nov 2020 17:06:00 [DEBUG] [org.hibernate.hql.internal.QueryTranslatorFactoryInitiator:45] QueryTranslatorFactory: org.hibernate.hql.internal.ast.ASTQueryTranslatorFactory@6b2aafbc
19 Nov 2020 17:06:00 [DEBUG] [org.hibernate.hql.internal.ast.QueryTranslatorImpl:292] parse() - HQL: select generatedAlias0.title, generatedAlias1.name from model1.Teacher as generatedAlias0 inner join generatedAlias0.subject as generatedAlias1
19 Nov 2020 17:06:00 [DEBUG] [org.hibernate.hql.internal.ast.ErrorTracker:97] throwQueryException() : no errors
19 Nov 2020 17:06:00 [DEBUG] [org.hibernate.hql.internal.ast.QueryTranslatorImpl:313] --- HQL AST ---
 \-[QUERY] Node: 'query'
    \-[SELECT_FROM] Node: 'SELECT_FROM'
       +-[FROM] Node: 'from'
       |  +-[RANGE] Node: 'RANGE'
       |  |  +-[DOT] Node: '.'
       |  |  |  +-[IDENT] Node: 'model1'
       |  |  |  \-[IDENT] Node: 'Teacher'
       |  |  \-[ALIAS] Node: 'generatedAlias0'
       |  \-[JOIN] Node: 'join'
       |     +-[INNER] Node: 'inner'
       |     +-[DOT] Node: '.'
       |     |  +-[IDENT] Node: 'generatedAlias0'
       |     |  \-[IDENT] Node: 'subject'
       |     \-[ALIAS] Node: 'generatedAlias1'
       \-[SELECT] Node: 'select'
          +-[DOT] Node: '.'
          |  +-[IDENT] Node: 'generatedAlias0'
          |  \-[IDENT] Node: 'title'
          \-[DOT] Node: '.'
             +-[IDENT] Node: 'generatedAlias1'
             \-[IDENT] Node: 'name'

19 Nov 2020 17:06:00 [DEBUG] [org.hibernate.hql.internal.antlr.HqlSqlBaseWalker:124] select << begin [level=1, statement=select]
19 Nov 2020 17:06:00 [DEBUG] [org.hibernate.hql.internal.ast.tree.FromElement:153] FromClause{level=1} : model1.Teacher (generatedAlias0) -> teacher0_
19 Nov 2020 17:06:00 [DEBUG] [org.hibernate.hql.internal.ast.tree.FromReferenceNode:60] Resolved : generatedAlias0 -> teacher0_.teacher_id
19 Nov 2020 17:06:00 [TRACE] [org.hibernate.hql.internal.ast.tree.FromElement:664] Handling property dereference [model1.Teacher (generatedAlias0) -> subject (class)]
19 Nov 2020 17:06:00 [DEBUG] [org.hibernate.hql.internal.ast.tree.DotNode:694] getDataType() : subject -> org.hibernate.type.ManyToOneType(model1.Subject)
19 Nov 2020 17:06:00 [DEBUG] [org.hibernate.hql.internal.ast.tree.DotNode:439] dereferenceEntityJoin() : generating join for subject in model1.Teacher (generatedAlias1) parent = [ {null} ]
19 Nov 2020 17:06:00 [DEBUG] [org.hibernate.hql.internal.ast.tree.FromElement:153] FromClause{level=1} : model1.Subject (generatedAlias1) -> subject1_
19 Nov 2020 17:06:00 [DEBUG] [org.hibernate.hql.internal.ast.tree.FromClause:287] addJoinByPathMap() : generatedAlias0.subject -> FromElement{explicit,not a collection join,not a fetch join,fetch non-lazy properties,classAlias=generatedAlias1,role=null,tableName=Subjects,tableAlias=subject1_,origin=Teachers teacher0_,columns={teacher0_.subject_id,className=model1.Subject}}
19 Nov 2020 17:06:00 [DEBUG] [org.hibernate.hql.internal.ast.tree.FromReferenceNode:60] Resolved : generatedAlias0.subject -> teacher0_.subject_id
19 Nov 2020 17:06:00 [DEBUG] [org.hibernate.hql.internal.ast.HqlSqlWalker:442] createFromJoinElement() : -- join tree --
 \-[JOIN_FRAGMENT] FromElement: 'Subjects subject1_' FromElement{explicit,not a collection join,not a fetch join,fetch non-lazy properties,classAlias=generatedAlias1,role=model1.Teacher.subject,tableName=Subjects,tableAlias=subject1_,origin=Teachers teacher0_,columns={teacher0_.subject_id,className=model1.Subject}}

19 Nov 2020 17:06:00 [DEBUG] [org.hibernate.hql.internal.ast.tree.FromReferenceNode:60] Resolved : generatedAlias0 -> teacher0_.teacher_id
19 Nov 2020 17:06:00 [TRACE] [org.hibernate.hql.internal.ast.tree.FromElement:664] Handling property dereference [model1.Teacher (generatedAlias0) -> title (class)]
19 Nov 2020 17:06:00 [DEBUG] [org.hibernate.hql.internal.ast.tree.DotNode:694] getDataType() : title -> org.hibernate.type.StringType@58670130
19 Nov 2020 17:06:00 [DEBUG] [org.hibernate.hql.internal.ast.tree.FromReferenceNode:60] Resolved : generatedAlias0.title -> teacher0_.title
19 Nov 2020 17:06:00 [TRACE] [org.hibernate.hql.internal.ast.tree.FromElement:664] Handling property dereference [model1.Teacher (generatedAlias0) -> title (class)]
19 Nov 2020 17:06:00 [DEBUG] [org.hibernate.hql.internal.ast.tree.FromReferenceNode:60] Resolved : generatedAlias1 -> subject1_.subject_id
19 Nov 2020 17:06:00 [TRACE] [org.hibernate.hql.internal.ast.tree.FromElement:664] Handling property dereference [model1.Subject (generatedAlias1) -> name (class)]
19 Nov 2020 17:06:00 [DEBUG] [org.hibernate.hql.internal.ast.tree.DotNode:694] getDataType() : name -> org.hibernate.type.StringType@58670130
19 Nov 2020 17:06:00 [DEBUG] [org.hibernate.hql.internal.ast.tree.FromReferenceNode:60] Resolved : generatedAlias1.name -> subject1_.name
19 Nov 2020 17:06:00 [TRACE] [org.hibernate.hql.internal.ast.tree.FromElement:664] Handling property dereference [model1.Subject (generatedAlias1) -> name (class)]
19 Nov 2020 17:06:00 [DEBUG] [org.hibernate.hql.internal.antlr.HqlSqlBaseWalker:128] select : finishing up [level=1, statement=select]
19 Nov 2020 17:06:00 [DEBUG] [org.hibernate.hql.internal.ast.HqlSqlWalker:760] processQuery() :  ( SELECT ( {select clause} ( teacher0_.title teacher0_.teacher_id title ) ( subject1_.name subject1_.subject_id name ) ) ( FromClause{level=1} ( Teachers teacher0_ Subjects subject1_ ) ) )
19 Nov 2020 17:06:00 [DEBUG] [org.hibernate.hql.internal.ast.util.JoinProcessor:129] Tables referenced from query nodes:
 \-QueryNode
    +-SelectClause
    |  +-DotNode
    |  | persister: JoinedSubclassEntityPersister(model1.Teacher)
    |  | path: generatedAlias0.title
    |  |  +-IdentNode
    |  |  | persister: JoinedSubclassEntityPersister(model1.Teacher)
    |  |  | originalText: generatedAlias0
    |  |  \-IdentNode
    |  |    persister: null
    |  |    originalText: title
    |  +-SqlNode
    |  +-DotNode
    |  | persister: SingleTableEntityPersister(model1.Subject)
    |  | path: generatedAlias1.name
    |  |  +-IdentNode
    |  |  | persister: SingleTableEntityPersister(model1.Subject)
    |  |  | originalText: generatedAlias1
    |  |  \-IdentNode
    |  |    persister: null
    |  |    originalText: name
    |  \-SqlNode
    \-FromClause
       \-FromElement
          \-FromElement

19 Nov 2020 17:06:00 [DEBUG] [org.hibernate.hql.internal.ast.util.JoinProcessor:296] Using FROM fragment [Teachers teacher0_]
19 Nov 2020 17:06:00 [DEBUG] [org.hibernate.hql.internal.ast.util.JoinProcessor:296] Using FROM fragment [inner join Subjects subject1_ on teacher0_.subject_id=subject1_.subject_id]
19 Nov 2020 17:06:00 [DEBUG] [org.hibernate.hql.internal.antlr.HqlSqlBaseWalker:132] select >> end [level=1, statement=select]
19 Nov 2020 17:06:00 [DEBUG] [org.hibernate.hql.internal.ast.QueryTranslatorImpl:279] --- SQL AST ---
 \-[SELECT] QueryNode: 'SELECT'  querySpaces (Teachers,Persons,Subjects)
    +-[SELECT_CLAUSE] SelectClause: '{select clause}'
    |  +-[DOT] DotNode: 'teacher0_.title' {propertyName=title,dereferenceType=PRIMITIVE,getPropertyPath=title,path=generatedAlias0.title,tableAlias=teacher0_,className=model1.Teacher,classAlias=generatedAlias0}
    |  |  +-[ALIAS_REF] IdentNode: 'teacher0_.teacher_id' {alias=generatedAlias0, className=model1.Teacher, tableAlias=teacher0_}
    |  |  \-[IDENT] IdentNode: 'title' {originalText=title}
    |  +-[SELECT_COLUMNS] SqlNode: ' as col_0_0_'
    |  +-[DOT] DotNode: 'subject1_.name' {propertyName=name,dereferenceType=PRIMITIVE,getPropertyPath=name,path=generatedAlias1.name,tableAlias=subject1_,className=model1.Subject,classAlias=generatedAlias1}
    |  |  +-[ALIAS_REF] IdentNode: 'subject1_.subject_id' {alias=generatedAlias1, className=model1.Subject, tableAlias=subject1_}
    |  |  \-[IDENT] IdentNode: 'name' {originalText=name}
    |  \-[SELECT_COLUMNS] SqlNode: ' as col_1_0_'
    \-[FROM] FromClause: 'from' FromClause{level=1, fromElementCounter=2, fromElements=2, fromElementByClassAlias=[generatedAlias0, generatedAlias1], fromElementByTableAlias=[subject1_, teacher0_], fromElementsByPath=[generatedAlias0.subject], collectionJoinFromElementsByPath=[], impliedElements=[]}
       \-[FROM_FRAGMENT] FromElement: 'Teachers teacher0_' FromElement{explicit,not a collection join,not a fetch join,fetch non-lazy properties,classAlias=generatedAlias0,role=null,tableName=Teachers,tableAlias=teacher0_,origin=null,columns={,className=model1.Teacher}}
          \-[JOIN_FRAGMENT] FromElement: 'inner join Subjects subject1_ on teacher0_.subject_id=subject1_.subject_id' FromElement{explicit,not a collection join,not a fetch join,fetch non-lazy properties,classAlias=generatedAlias1,role=model1.Teacher.subject,tableName=Subjects,tableAlias=subject1_,origin=Teachers teacher0_,columns={teacher0_.subject_id,className=model1.Subject}}

19 Nov 2020 17:06:00 [DEBUG] [org.hibernate.hql.internal.ast.ErrorTracker:97] throwQueryException() : no errors
19 Nov 2020 17:06:00 [DEBUG] [org.hibernate.hql.internal.ast.QueryTranslatorImpl:258] HQL: select generatedAlias0.title, generatedAlias1.name from model1.Teacher as generatedAlias0 inner join generatedAlias0.subject as generatedAlias1
19 Nov 2020 17:06:00 [DEBUG] [org.hibernate.hql.internal.ast.QueryTranslatorImpl:259] SQL: select teacher0_.title as col_0_0_, subject1_.name as col_1_0_ from Teachers teacher0_ inner join Subjects subject1_ on teacher0_.subject_id=subject1_.subject_id
19 Nov 2020 17:06:00 [DEBUG] [org.hibernate.hql.internal.ast.ErrorTracker:97] throwQueryException() : no errors
